<?xml version="1.0" encoding="UTF-8"?>
<testsuite xmlns:xsi="http://www.w3.org/2001/XMLSchema-instance" xsi:schemaLocation="https://maven.apache.org/surefire/maven-surefire-plugin/xsd/surefire-test-report.xsd" name="TestSuite" time="22.015" tests="44" errors="0" skipped="40" failures="4">
  <properties>
    <property name="java.runtime.name" value="Java(TM) SE Runtime Environment"/>
    <property name="sun.boot.library.path" value="C:\Program Files\Java\jdk1.8.0_77\jre\bin"/>
    <property name="java.vm.version" value="25.77-b03"/>
    <property name="java.vm.vendor" value="Oracle Corporation"/>
    <property name="maven.multiModuleProjectDirectory" value="c:\Camdrive_automation"/>
    <property name="java.vendor.url" value="http://java.oracle.com/"/>
    <property name="path.separator" value=";"/>
    <property name="guice.disable.misplaced.annotation.check" value="true"/>
    <property name="java.vm.name" value="Java HotSpot(TM) 64-Bit Server VM"/>
    <property name="file.encoding.pkg" value="sun.io"/>
    <property name="user.script" value=""/>
    <property name="user.country" value="RU"/>
    <property name="sun.java.launcher" value="SUN_STANDARD"/>
    <property name="sun.os.patch.level" value=""/>
    <property name="java.vm.specification.name" value="Java Virtual Machine Specification"/>
    <property name="user.dir" value="c:\Camdrive_automation"/>
    <property name="java.runtime.version" value="1.8.0_77-b03"/>
    <property name="java.awt.graphicsenv" value="sun.awt.Win32GraphicsEnvironment"/>
    <property name="java.endorsed.dirs" value="C:\Program Files\Java\jdk1.8.0_77\jre\lib\endorsed"/>
    <property name="os.arch" value="amd64"/>
    <property name="java.io.tmpdir" value="C:\Users\Tester\AppData\Local\Temp\"/>
    <property name="line.separator" value="&#10;"/>
    <property name="java.vm.specification.vendor" value="Oracle Corporation"/>
    <property name="user.variant" value=""/>
    <property name="os.name" value="Windows 10"/>
    <property name="classworlds.conf" value="C:\Tools\apache-maven-3.3.9\bin\m2.conf"/>
    <property name="sun.jnu.encoding" value="Cp1251"/>
    <property name="java.library.path" value="C:\Program Files\Java\jdk1.8.0_77\bin;C:\WINDOWS\Sun\Java\bin;C:\WINDOWS\system32;C:\WINDOWS;C:\ProgramData\Oracle\Java\javapath;C:\Windows\system32;C:\WINDOWS;C:\WINDOWS\System32\Wbem;C:\WINDOWS\System32\WindowsPowerShell\v1.0\;C:\Program Files (x86)\Microsoft SQL Server\110\Tools\Binn\;C:\Program Files (x86)\Microsoft SQL Server\110\DTS\Binn\;C:\Program Files (x86)\QuickTime\QTSystem\;C:\Program Files (x86)\Skype\Phone\;C:\Program Files\Microsoft\Web Platform Installer\;C:\Program Files (x86)\Microsoft ASP.NET\ASP.NET Web Pages\v1.0\;C:\Program Files (x86)\Windows Kits\8.0\Windows Performance Toolkit\;C:\Program Files\Microsoft SQL Server\110\Tools\Binn\;%JAVA_HOME%\bin;C:\Program Files\Git\cmd;C:\Tools\apache-maven-3.3.9\bin;C:\Tools\IEDriverServer;C:\Tools\chromedriver;."/>
    <property name="java.specification.name" value="Java Platform API Specification"/>
    <property name="java.class.version" value="52.0"/>
    <property name="sun.management.compiler" value="HotSpot 64-Bit Tiered Compilers"/>
    <property name="os.version" value="10.0"/>
    <property name="user.home" value="C:\Users\Tester"/>
    <property name="user.timezone" value="Asia/Krasnoyarsk"/>
    <property name="java.awt.printerjob" value="sun.awt.windows.WPrinterJob"/>
    <property name="java.specification.version" value="1.8"/>
    <property name="file.encoding" value="Cp1251"/>
    <property name="user.name" value="Tester"/>
    <property name="java.class.path" value="C:\Tools\apache-maven-3.3.9\boot\plexus-classworlds-2.5.2.jar"/>
    <property name="java.vm.specification.version" value="1.8"/>
    <property name="sun.arch.data.model" value="64"/>
    <property name="java.home" value="C:\Program Files\Java\jdk1.8.0_77\jre"/>
    <property name="sun.java.command" value="org.codehaus.plexus.classworlds.launcher.Launcher -P chrome,ms4,nogrid test"/>
    <property name="java.specification.vendor" value="Oracle Corporation"/>
    <property name="user.language" value="ru"/>
    <property name="awt.toolkit" value="sun.awt.windows.WToolkit"/>
    <property name="java.vm.info" value="mixed mode"/>
    <property name="java.version" value="1.8.0_77"/>
    <property name="java.ext.dirs" value="C:\Program Files\Java\jdk1.8.0_77\jre\lib\ext;C:\WINDOWS\Sun\Java\lib\ext"/>
    <property name="sun.boot.class.path" value="C:\Program Files\Java\jdk1.8.0_77\jre\lib\resources.jar;C:\Program Files\Java\jdk1.8.0_77\jre\lib\rt.jar;C:\Program Files\Java\jdk1.8.0_77\jre\lib\sunrsasign.jar;C:\Program Files\Java\jdk1.8.0_77\jre\lib\jsse.jar;C:\Program Files\Java\jdk1.8.0_77\jre\lib\jce.jar;C:\Program Files\Java\jdk1.8.0_77\jre\lib\charsets.jar;C:\Program Files\Java\jdk1.8.0_77\jre\lib\jfr.jar;C:\Program Files\Java\jdk1.8.0_77\jre\classes"/>
    <property name="sun.stderr.encoding" value="cp866"/>
    <property name="java.vendor" value="Oracle Corporation"/>
    <property name="maven.home" value="C:\Tools\apache-maven-3.3.9"/>
    <property name="file.separator" value="\"/>
    <property name="java.vendor.url.bug" value="http://bugreport.sun.com/bugreport/"/>
    <property name="sun.cpu.endian" value="little"/>
    <property name="sun.io.unicode.encoding" value="UnicodeLittle"/>
    <property name="sun.stdout.encoding" value="cp866"/>
    <property name="sun.desktop" value="windows"/>
    <property name="sun.cpu.isalist" value="amd64"/>
  </properties>
  <testcase name="initWebDriver" classname="accountEntry.LoginTrue" time="13.487">
    <failure message="java.lang.reflect.InvocationTargetException&#10;Build info: version: &apos;2.53.1&apos;, revision: &apos;a36b8b1cd5757287168e54b817830adce9b0158d&apos;, time: &apos;2016-06-30 19:26:09&apos;&#10;System info: host: &apos;DEVPC13&apos;, ip: &apos;192.168.28.211&apos;, os.name: &apos;Windows 10&apos;, os.arch: &apos;amd64&apos;, os.version: &apos;10.0&apos;, java.version: &apos;1.8.0_77&apos;&#10;Driver info: driver.version: unknown" type="org.openqa.selenium.WebDriverException">org.openqa.selenium.WebDriverException: 
java.lang.reflect.InvocationTargetException
Build info: version: '2.53.1', revision: 'a36b8b1cd5757287168e54b817830adce9b0158d', time: '2016-06-30 19:26:09'
System info: host: 'DEVPC13', ip: '192.168.28.211', os.name: 'Windows 10', os.arch: 'amd64', os.version: '10.0', java.version: '1.8.0_77'
Driver info: driver.version: unknown
Caused by: java.lang.reflect.InvocationTargetException
Caused by: org.openqa.selenium.SessionNotCreatedException: 
session not created exception
from unknown error: Runtime.executionContextCreated has invalid 'context': {"auxData":{"frameId":"520.1","isDefault":true},"id":1,"name":"","origin":"://"}
  (Session info: chrome=54.0.2840.71)
  (Driver info: chromedriver=2.22.397933 (1cab651507b88dec79b2b2a22d1943c01833cc1b),platform=Windows NT 10.0.10586 x86_64) (WARNING: The server did not provide any stacktrace information)
Command duration or timeout: 10.46 seconds
Build info: version: '2.53.1', revision: 'a36b8b1cd5757287168e54b817830adce9b0158d', time: '2016-06-30 19:26:09'
System info: host: 'DEVPC13', ip: '192.168.28.211', os.name: 'Windows 10', os.arch: 'amd64', os.version: '10.0', java.version: '1.8.0_77'
Driver info: org.openqa.selenium.chrome.ChromeDriver
</failure>
    <system-out><![CDATA[...
... TestNG 6.9.10 by C?dric Beust (cedric@beust.com)
...

]]></system-out>
    <system-err><![CDATA[Starting ChromeDriver 2.22.397933 (1cab651507b88dec79b2b2a22d1943c01833cc1b) on port 2794
Only local connections are allowed.
]]></system-err>
  </testcase>
  <testcase name="testLoginTrue" classname="accountEntry.LoginTrue" time="0">
    <skipped/>
  </testcase>
  <testcase name="initWebDriver" classname="accountEntry.LoginFalse" time="0">
    <skipped/>
  </testcase>
  <testcase name="testLoginFalse" classname="accountEntry.LoginFalse" time="0">
    <skipped/>
  </testcase>
  <testcase name="initWebDriver" classname="accountEntry.ShowPassword" time="0">
    <skipped/>
  </testcase>
  <testcase name="testShowPassword" classname="accountEntry.ShowPassword" time="0">
    <skipped/>
  </testcase>
  <testcase name="initWebDriver" classname="accountEntry.ForgotPassword" time="0">
    <skipped/>
  </testcase>
  <testcase name="testForgotPassword" classname="accountEntry.ForgotPassword" time="0">
    <skipped/>
  </testcase>
  <testcase name="initWebDriver" classname="accountEntry.ForgotPasswordInvalid" time="0">
    <skipped/>
  </testcase>
  <testcase name="testForgotPasswordInvalid" classname="accountEntry.ForgotPasswordInvalid" time="0">
    <skipped/>
  </testcase>
  <testcase name="initWebDriver" classname="accountEntry.ForgotPasswordEmpty" time="0">
    <skipped/>
  </testcase>
  <testcase name="testForgotPasswordEmpty" classname="accountEntry.ForgotPasswordEmpty" time="0">
    <skipped/>
  </testcase>
  <testcase name="initWebDriver" classname="languageCheck.LanguageEng" time="2.779">
    <failure message="java.lang.reflect.InvocationTargetException&#10;Build info: version: &apos;2.53.1&apos;, revision: &apos;a36b8b1cd5757287168e54b817830adce9b0158d&apos;, time: &apos;2016-06-30 19:26:09&apos;&#10;System info: host: &apos;DEVPC13&apos;, ip: &apos;192.168.28.211&apos;, os.name: &apos;Windows 10&apos;, os.arch: &apos;amd64&apos;, os.version: &apos;10.0&apos;, java.version: &apos;1.8.0_77&apos;&#10;Driver info: driver.version: unknown" type="org.openqa.selenium.WebDriverException">org.openqa.selenium.WebDriverException: 
java.lang.reflect.InvocationTargetException
Build info: version: '2.53.1', revision: 'a36b8b1cd5757287168e54b817830adce9b0158d', time: '2016-06-30 19:26:09'
System info: host: 'DEVPC13', ip: '192.168.28.211', os.name: 'Windows 10', os.arch: 'amd64', os.version: '10.0', java.version: '1.8.0_77'
Driver info: driver.version: unknown
Caused by: java.lang.reflect.InvocationTargetException
Caused by: org.openqa.selenium.SessionNotCreatedException: 
session not created exception
from unknown error: Runtime.executionContextCreated has invalid 'context': {"auxData":{"frameId":"11152.1","isDefault":true},"id":1,"name":"","origin":"://"}
  (Session info: chrome=54.0.2840.71)
  (Driver info: chromedriver=2.22.397933 (1cab651507b88dec79b2b2a22d1943c01833cc1b),platform=Windows NT 10.0.10586 x86_64) (WARNING: The server did not provide any stacktrace information)
Command duration or timeout: 1.94 seconds
Build info: version: '2.53.1', revision: 'a36b8b1cd5757287168e54b817830adce9b0158d', time: '2016-06-30 19:26:09'
System info: host: 'DEVPC13', ip: '192.168.28.211', os.name: 'Windows 10', os.arch: 'amd64', os.version: '10.0', java.version: '1.8.0_77'
Driver info: org.openqa.selenium.chrome.ChromeDriver
</failure>
    <system-err><![CDATA[Starting ChromeDriver 2.22.397933 (1cab651507b88dec79b2b2a22d1943c01833cc1b) on port 37668
Only local connections are allowed.
]]></system-err>
  </testcase>
  <testcase name="testLanguageEng" classname="languageCheck.LanguageEng" time="0">
    <skipped/>
  </testcase>
  <testcase name="initWebDriver" classname="languageCheck.LanguageAz" time="0">
    <skipped/>
  </testcase>
  <testcase name="testLanguageAz" classname="languageCheck.LanguageAz" time="0">
    <skipped/>
  </testcase>
  <testcase name="initWebDriver" classname="languageCheck.LanguageRus" time="0">
    <skipped/>
  </testcase>
  <testcase name="testLanguageRus" classname="languageCheck.LanguageRus" time="0">
    <skipped/>
  </testcase>
  <testcase name="initWebDriver" classname="generalTesting.LoginTrue" time="2.845">
    <failure message="java.lang.reflect.InvocationTargetException&#10;Build info: version: &apos;2.53.1&apos;, revision: &apos;a36b8b1cd5757287168e54b817830adce9b0158d&apos;, time: &apos;2016-06-30 19:26:09&apos;&#10;System info: host: &apos;DEVPC13&apos;, ip: &apos;192.168.28.211&apos;, os.name: &apos;Windows 10&apos;, os.arch: &apos;amd64&apos;, os.version: &apos;10.0&apos;, java.version: &apos;1.8.0_77&apos;&#10;Driver info: driver.version: unknown" type="org.openqa.selenium.WebDriverException">org.openqa.selenium.WebDriverException: 
java.lang.reflect.InvocationTargetException
Build info: version: '2.53.1', revision: 'a36b8b1cd5757287168e54b817830adce9b0158d', time: '2016-06-30 19:26:09'
System info: host: 'DEVPC13', ip: '192.168.28.211', os.name: 'Windows 10', os.arch: 'amd64', os.version: '10.0', java.version: '1.8.0_77'
Driver info: driver.version: unknown
Caused by: java.lang.reflect.InvocationTargetException
Caused by: org.openqa.selenium.SessionNotCreatedException: 
session not created exception
from unknown error: Runtime.executionContextCreated has invalid 'context': {"auxData":{"frameId":"10932.1","isDefault":true},"id":1,"name":"","origin":"://"}
  (Session info: chrome=54.0.2840.71)
  (Driver info: chromedriver=2.22.397933 (1cab651507b88dec79b2b2a22d1943c01833cc1b),platform=Windows NT 10.0.10586 x86_64) (WARNING: The server did not provide any stacktrace information)
Command duration or timeout: 1.92 seconds
Build info: version: '2.53.1', revision: 'a36b8b1cd5757287168e54b817830adce9b0158d', time: '2016-06-30 19:26:09'
System info: host: 'DEVPC13', ip: '192.168.28.211', os.name: 'Windows 10', os.arch: 'amd64', os.version: '10.0', java.version: '1.8.0_77'
Driver info: org.openqa.selenium.chrome.ChromeDriver
</failure>
    <system-err><![CDATA[Starting ChromeDriver 2.22.397933 (1cab651507b88dec79b2b2a22d1943c01833cc1b) on port 27228
Only local connections are allowed.
]]></system-err>
  </testcase>
  <testcase name="testLoginTrue" classname="generalTesting.LoginTrue" time="0">
    <skipped/>
  </testcase>
  <testcase name="initWebDriver" classname="generalTesting.CheckButtons" time="0">
    <skipped/>
  </testcase>
  <testcase name="testCheckButtons" classname="generalTesting.CheckButtons" time="0">
    <skipped/>
  </testcase>
  <testcase name="initWebDriver" classname="generalTesting.Quit" time="0">
    <skipped/>
  </testcase>
  <testcase name="testQuit" classname="generalTesting.Quit" time="0">
    <skipped/>
  </testcase>
  <testcase name="initWebDriver" classname="online.accountEntry" time="2.655">
    <failure message="java.lang.reflect.InvocationTargetException&#10;Build info: version: &apos;2.53.1&apos;, revision: &apos;a36b8b1cd5757287168e54b817830adce9b0158d&apos;, time: &apos;2016-06-30 19:26:09&apos;&#10;System info: host: &apos;DEVPC13&apos;, ip: &apos;192.168.28.211&apos;, os.name: &apos;Windows 10&apos;, os.arch: &apos;amd64&apos;, os.version: &apos;10.0&apos;, java.version: &apos;1.8.0_77&apos;&#10;Driver info: driver.version: unknown" type="org.openqa.selenium.WebDriverException">org.openqa.selenium.WebDriverException: 
java.lang.reflect.InvocationTargetException
Build info: version: '2.53.1', revision: 'a36b8b1cd5757287168e54b817830adce9b0158d', time: '2016-06-30 19:26:09'
System info: host: 'DEVPC13', ip: '192.168.28.211', os.name: 'Windows 10', os.arch: 'amd64', os.version: '10.0', java.version: '1.8.0_77'
Driver info: driver.version: unknown
Caused by: java.lang.reflect.InvocationTargetException
Caused by: org.openqa.selenium.SessionNotCreatedException: 
session not created exception
from unknown error: Runtime.executionContextCreated has invalid 'context': {"auxData":{"frameId":"5772.1","isDefault":true},"id":1,"name":"","origin":"://"}
  (Session info: chrome=54.0.2840.71)
  (Driver info: chromedriver=2.22.397933 (1cab651507b88dec79b2b2a22d1943c01833cc1b),platform=Windows NT 10.0.10586 x86_64) (WARNING: The server did not provide any stacktrace information)
Command duration or timeout: 1.89 seconds
Build info: version: '2.53.1', revision: 'a36b8b1cd5757287168e54b817830adce9b0158d', time: '2016-06-30 19:26:09'
System info: host: 'DEVPC13', ip: '192.168.28.211', os.name: 'Windows 10', os.arch: 'amd64', os.version: '10.0', java.version: '1.8.0_77'
Driver info: org.openqa.selenium.chrome.ChromeDriver
</failure>
    <system-err><![CDATA[Starting ChromeDriver 2.22.397933 (1cab651507b88dec79b2b2a22d1943c01833cc1b) on port 4428
Only local connections are allowed.
]]></system-err>
  </testcase>
  <testcase name="testAccountEntry" classname="online.accountEntry" time="0">
    <skipped/>
  </testcase>
  <testcase name="initWebDriver" classname="online.openTree" time="0">
    <skipped/>
  </testcase>
  <testcase name="testOpenTree" classname="online.openTree" time="0">
    <skipped/>
  </testcase>
  <testcase name="initWebDriver" classname="online.checkMenu" time="0">
    <skipped/>
  </testcase>
  <testcase name="testCheckMenu" classname="online.checkMenu" time="0">
    <skipped/>
  </testcase>
  <testcase name="initWebDriver" classname="online.playButton" time="0">
    <skipped/>
  </testcase>
  <testcase name="testPlayButton" classname="online.playButton" time="0">
    <skipped/>
  </testcase>
  <testcase name="initWebDriver" classname="online.checkAddCamera" time="0">
    <skipped/>
  </testcase>
  <testcase name="testCheckAddCamera" classname="online.checkAddCamera" time="0">
    <skipped/>
  </testcase>
  <testcase name="initWebDriver" classname="online.checkRemoveCamera" time="0">
    <skipped/>
  </testcase>
  <testcase name="testCheckRemoveCamera" classname="online.checkRemoveCamera" time="0">
    <skipped/>
  </testcase>
  <testcase name="initWebDriver" classname="online.checkRenameCamera" time="0">
    <skipped/>
  </testcase>
  <testcase name="testCheckRenameCamera" classname="online.checkRenameCamera" time="0">
    <skipped/>
  </testcase>
  <testcase name="initWebDriver" classname="online.scale" time="0">
    <skipped/>
  </testcase>
  <testcase name="testScale" classname="online.scale" time="0">
    <skipped/>
  </testcase>
  <testcase name="initWebDriver" classname="online.deleteScreen" time="0">
    <skipped/>
  </testcase>
  <testcase name="testDeleteScreen" classname="online.deleteScreen" time="0">
    <skipped/>
  </testcase>
  <testcase name="initWebDriver" classname="online.logout" time="0">
    <skipped/>
  </testcase>
  <testcase name="testLogout" classname="online.logout" time="0">
    <skipped/>
  </testcase>
</testsuite>