<?xml version="1.0" encoding="UTF-8"?>
<testsuite xmlns:xsi="http://www.w3.org/2001/XMLSchema-instance" xsi:schemaLocation="https://maven.apache.org/surefire/maven-surefire-plugin/xsd/surefire-test-report.xsd" name="TestSuite" time="190.245" tests="40" errors="0" skipped="0" failures="0">
  <properties>
    <property name="java.runtime.name" value="Java(TM) SE Runtime Environment"/>
    <property name="sun.boot.library.path" value="C:\Program Files\Java\jdk1.8.0_77\jre\bin"/>
    <property name="java.vm.version" value="25.77-b03"/>
    <property name="java.vm.vendor" value="Oracle Corporation"/>
    <property name="maven.multiModuleProjectDirectory" value="c:\Camdrive_automation"/>
    <property name="java.vendor.url" value="http://java.oracle.com/"/>
    <property name="path.separator" value=";"/>
    <property name="guice.disable.misplaced.annotation.check" value="true"/>
    <property name="java.vm.name" value="Java HotSpot(TM) 64-Bit Server VM"/>
    <property name="file.encoding.pkg" value="sun.io"/>
    <property name="user.script" value=""/>
    <property name="user.country" value="RU"/>
    <property name="sun.java.launcher" value="SUN_STANDARD"/>
    <property name="sun.os.patch.level" value=""/>
    <property name="java.vm.specification.name" value="Java Virtual Machine Specification"/>
    <property name="user.dir" value="c:\Camdrive_automation"/>
    <property name="java.runtime.version" value="1.8.0_77-b03"/>
    <property name="java.awt.graphicsenv" value="sun.awt.Win32GraphicsEnvironment"/>
    <property name="java.endorsed.dirs" value="C:\Program Files\Java\jdk1.8.0_77\jre\lib\endorsed"/>
    <property name="os.arch" value="amd64"/>
    <property name="java.io.tmpdir" value="C:\Users\Tester\AppData\Local\Temp\"/>
    <property name="line.separator" value="&#10;"/>
    <property name="java.vm.specification.vendor" value="Oracle Corporation"/>
    <property name="user.variant" value=""/>
    <property name="os.name" value="Windows 10"/>
    <property name="classworlds.conf" value="C:\Tools\apache-maven-3.3.9\bin\m2.conf"/>
    <property name="sun.jnu.encoding" value="Cp1251"/>
    <property name="java.library.path" value="C:\Program Files\Java\jdk1.8.0_77\bin;C:\WINDOWS\Sun\Java\bin;C:\WINDOWS\system32;C:\WINDOWS;C:\ProgramData\Oracle\Java\javapath;C:\Windows\system32;C:\WINDOWS;C:\WINDOWS\System32\Wbem;C:\WINDOWS\System32\WindowsPowerShell\v1.0\;C:\Program Files (x86)\Microsoft SQL Server\110\Tools\Binn\;C:\Program Files (x86)\Microsoft SQL Server\110\DTS\Binn\;C:\Program Files (x86)\QuickTime\QTSystem\;C:\Program Files (x86)\Skype\Phone\;C:\Program Files\Microsoft\Web Platform Installer\;C:\Program Files (x86)\Microsoft ASP.NET\ASP.NET Web Pages\v1.0\;C:\Program Files (x86)\Windows Kits\8.0\Windows Performance Toolkit\;C:\Program Files\Microsoft SQL Server\110\Tools\Binn\;%JAVA_HOME%\bin;C:\Program Files\Git\cmd;C:\Tools\apache-maven-3.3.9\bin;C:\Tools\IEDriverServer;C:\Tools\chromedriver;."/>
    <property name="java.specification.name" value="Java Platform API Specification"/>
    <property name="java.class.version" value="52.0"/>
    <property name="sun.management.compiler" value="HotSpot 64-Bit Tiered Compilers"/>
    <property name="os.version" value="10.0"/>
    <property name="user.home" value="C:\Users\Tester"/>
    <property name="user.timezone" value="Asia/Krasnoyarsk"/>
    <property name="java.awt.printerjob" value="sun.awt.windows.WPrinterJob"/>
    <property name="java.specification.version" value="1.8"/>
    <property name="file.encoding" value="Cp1251"/>
    <property name="user.name" value="Tester"/>
    <property name="java.class.path" value="C:\Tools\apache-maven-3.3.9\boot\plexus-classworlds-2.5.2.jar"/>
    <property name="java.vm.specification.version" value="1.8"/>
    <property name="sun.arch.data.model" value="64"/>
    <property name="java.home" value="C:\Program Files\Java\jdk1.8.0_77\jre"/>
    <property name="sun.java.command" value="org.codehaus.plexus.classworlds.launcher.Launcher -P firefox,ms4,nogrid test"/>
    <property name="java.specification.vendor" value="Oracle Corporation"/>
    <property name="user.language" value="ru"/>
    <property name="awt.toolkit" value="sun.awt.windows.WToolkit"/>
    <property name="java.vm.info" value="mixed mode"/>
    <property name="java.version" value="1.8.0_77"/>
    <property name="java.ext.dirs" value="C:\Program Files\Java\jdk1.8.0_77\jre\lib\ext;C:\WINDOWS\Sun\Java\lib\ext"/>
    <property name="sun.boot.class.path" value="C:\Program Files\Java\jdk1.8.0_77\jre\lib\resources.jar;C:\Program Files\Java\jdk1.8.0_77\jre\lib\rt.jar;C:\Program Files\Java\jdk1.8.0_77\jre\lib\sunrsasign.jar;C:\Program Files\Java\jdk1.8.0_77\jre\lib\jsse.jar;C:\Program Files\Java\jdk1.8.0_77\jre\lib\jce.jar;C:\Program Files\Java\jdk1.8.0_77\jre\lib\charsets.jar;C:\Program Files\Java\jdk1.8.0_77\jre\lib\jfr.jar;C:\Program Files\Java\jdk1.8.0_77\jre\classes"/>
    <property name="sun.stderr.encoding" value="cp866"/>
    <property name="java.vendor" value="Oracle Corporation"/>
    <property name="maven.home" value="C:\Tools\apache-maven-3.3.9"/>
    <property name="file.separator" value="\"/>
    <property name="java.vendor.url.bug" value="http://bugreport.sun.com/bugreport/"/>
    <property name="sun.cpu.endian" value="little"/>
    <property name="sun.io.unicode.encoding" value="UnicodeLittle"/>
    <property name="sun.stdout.encoding" value="cp866"/>
    <property name="sun.desktop" value="windows"/>
    <property name="sun.cpu.isalist" value="amd64"/>
  </properties>
  <testcase name="testLoginTrue" classname="accountEntry.LoginTrue" time="7.941"/>
  <testcase name="testLoginFalse" classname="accountEntry.LoginFalse" time="0.983"/>
  <testcase name="testShowPassword" classname="accountEntry.ShowPassword" time="0.488"/>
  <testcase name="testForgotPassword" classname="accountEntry.ForgotPassword" time="1.563"/>
  <testcase name="testForgotPasswordInvalid" classname="accountEntry.ForgotPasswordInvalid" time="1.443"/>
  <testcase name="testForgotPasswordEmpty" classname="accountEntry.ForgotPasswordEmpty" time="1.362"/>
  <testcase name="testLanguageEng" classname="languageCheck.LanguageEng" time="1.661"/>
  <testcase name="testLanguageAz" classname="languageCheck.LanguageAz" time="1.169"/>
  <testcase name="testLanguageRus" classname="languageCheck.LanguageRus" time="1.143"/>
  <testcase name="testLoginTrue" classname="generalTesting.LoginTrue" time="2.22"/>
  <testcase name="testCheckButtons" classname="generalTesting.CheckButtons" time="8.191"/>
  <testcase name="testQuit" classname="generalTesting.Quit" time="1.556"/>
  <testcase name="testAccountEntry" classname="online.accountEntry" time="1.738"/>
  <testcase name="testAccountEntry" classname="online.accountEntry" time="1.777"/>
  <testcase name="testOpenTree" classname="online.openTree" time="6.135"/>
  <testcase name="testCheckMenu" classname="online.checkMenu" time="12.231"/>
  <testcase name="testPlayButton" classname="online.playButton" time="6.168"/>
  <testcase name="testCheckAddCamera" classname="online.checkAddCamera" time="2.147"/>
  <testcase name="testCheckRemoveCamera" classname="online.checkRemoveCamera" time="13.64"/>
  <testcase name="testCheckRenameCamera" classname="online.checkRenameCamera" time="3.107"/>
  <testcase name="testScale" classname="online.scale" time="28.65"/>
  <testcase name="testDeleteScreen" classname="online.deleteScreen" time="22.024"/>
  <testcase name="testLogout" classname="online.logout" time="1.692"/>
  <testcase name="testLogout" classname="online.logout" time="1.569"/>
  <testcase name="testLogout" classname="online.logout" time="1.433"/>
  <testcase name="testAccountEntry" classname="archive.accountEntry" time="1.917"/>
  <testcase name="testArchiveElements" classname="archive.archiveElements" time="2.691"/>
  <testcase name="testArchiveVideo" classname="archive.archiveVideo" time="3.183"/>
  <testcase name="testDownloadDate" classname="archive.downloadDate" time="2.087"/>
  <testcase name="testDownloadTime" classname="archive.downloadTime" time="1.59"/>
  <testcase name="testDownloadDuration" classname="archive.downloadDuration" time="1.328"/>
  <testcase name="testTariffMobile" classname="tariffsTestsuite.tariffMobile" time="3.095"/>
  <testcase name="testTariffDom" classname="tariffsTestsuite.tariffDom" time="1.133"/>
  <testcase name="testTariffDel" classname="tariffsTestsuite.tariffDel" time="1.163"/>
  <testcase name="testTariffPremium" classname="tariffsTestsuite.tariffPremium" time="1.59"/>
  <testcase name="testTariffIndivid" classname="tariffsTestsuite.tariffIndivid" time="0.152"/>
  <testcase name="testTariffCorporate" classname="tariffsTestsuite.tariffCorporate" time="0.502"/>
  <testcase name="testGoToSchedule" classname="tariffsTestsuite.goToSchedule" time="5.628"/>
  <testcase name="testSaveButton" classname="tariffsTestsuite.saveButton" time="0.523"/>
  <testcase name="testSavaAllButton" classname="tariffsTestsuite.saveAllButton" time="1.594"/>
</testsuite>