<?xml version="1.0" encoding="UTF-8"?>
<!-- Generated by org.testng.reporters.JUnitReportReporter -->
<testsuite hostname="DEVPC13" name="accountEntry.LoginTrue" tests="1" failures="0" timestamp="11 Oct 2016 06:48:57 GMT" time="7.566" errors="0">
  <testcase name="testLoginTrue" time="7.566" classname="accountEntry.LoginTrue"/>
</testsuite> <!-- accountEntry.LoginTrue -->
