<?xml version="1.0" encoding="UTF-8"?>
<!-- Generated by org.testng.reporters.JUnitReportReporter -->
<testsuite hostname="DEVPC13" name="languageCheck.LanguageEng" tests="1" failures="0" timestamp="11 Oct 2016 06:55:58 GMT" time="4.922" errors="0">
  <testcase name="testLanguageEng" time="4.922" classname="languageCheck.LanguageEng"/>
</testsuite> <!-- languageCheck.LanguageEng -->
