<?xml version="1.0" encoding="UTF-8"?>
<!-- Generated by org.testng.reporters.JUnitReportReporter -->
<testsuite hostname="DEVPC13" name="ru.stqa.selenium.LanguageRus" tests="1" failures="0" timestamp="11 Oct 2016 06:39:10 GMT" time="4.557" errors="0">
  <testcase name="testLanguageRus" time="4.557" classname="ru.stqa.selenium.LanguageRus"/>
</testsuite> <!-- ru.stqa.selenium.LanguageRus -->
