<?xml version="1.0" encoding="UTF-8"?>
<!-- Generated by org.testng.reporters.JUnitReportReporter -->
<testsuite hostname="DEVPC13" name="ru.stqa.selenium.AccountEntry" tests="1" failures="0" timestamp="7 Oct 2016 03:34:43 GMT" time="18.451" errors="0">
  <testcase name="testAccountEntry" time="18.451" classname="ru.stqa.selenium.AccountEntry"/>
</testsuite> <!-- ru.stqa.selenium.AccountEntry -->
