<?xml version="1.0" encoding="UTF-8"?>
<!-- Generated by org.testng.reporters.JUnitReportReporter -->
<testsuite hostname="DEVPC13" name="ru.stqa.selenium.Calendar" tests="1" failures="0" timestamp="7 Oct 2016 08:30:40 GMT" time="10.791" errors="0">
  <testcase name="testCalendar" time="10.791" classname="ru.stqa.selenium.Calendar"/>
</testsuite> <!-- ru.stqa.selenium.Calendar -->
