<?xml version="1.0" encoding="UTF-8"?>
<!-- Generated by org.testng.reporters.JUnitReportReporter -->
<testsuite hostname="DEVPC13" name="languageCheck.LanguageAz" tests="1" failures="0" timestamp="11 Oct 2016 08:46:01 GMT" time="5.337" errors="0">
  <testcase name="testLanguageAz" time="5.337" classname="languageCheck.LanguageAz"/>
</testsuite> <!-- languageCheck.LanguageAz -->
