<?xml version="1.0" encoding="UTF-8"?>
<!-- Generated by org.testng.reporters.JUnitReportReporter -->
<testsuite hostname="DEVPC13" name="ru.stqa.selenium.LanguageEng" tests="1" failures="0" timestamp="11 Oct 2016 06:37:09 GMT" time="4.584" errors="0">
  <testcase name="testLanguageEng" time="4.584" classname="ru.stqa.selenium.LanguageEng"/>
</testsuite> <!-- ru.stqa.selenium.LanguageEng -->
