<?xml version="1.0" encoding="UTF-8"?>
<!-- Generated by org.testng.reporters.JUnitReportReporter -->
<testsuite hostname="DEVPC13" name="languageCheck.LanguageRus" tests="1" failures="0" timestamp="11 Oct 2016 06:56:11 GMT" time="4.499" errors="0">
  <testcase name="testLanguageRus" time="4.499" classname="languageCheck.LanguageRus"/>
</testsuite> <!-- languageCheck.LanguageRus -->
