<?xml version="1.0" encoding="UTF-8"?>
<!-- Generated by org.testng.reporters.JUnitReportReporter -->
<testsuite hostname="DEVPC13" name="ru.stqa.selenium.Calendar" tests="1" failures="0" timestamp="6 Oct 2016 06:33:37 GMT" time="30.186" errors="0">
  <testcase name="testCalendar" time="30.186" classname="ru.stqa.selenium.Calendar"/>
</testsuite> <!-- ru.stqa.selenium.Calendar -->
