<?xml version="1.0" encoding="UTF-8"?>
<!-- Generated by org.testng.reporters.JUnitReportReporter -->
<testsuite hostname="DEVPC13" name="online.accountEntry" tests="1" failures="0" timestamp="14 Oct 2016 02:27:13 GMT" time="9.455" errors="0">
  <testcase name="testAccountEntry" time="9.455" classname="online.accountEntry"/>
</testsuite> <!-- online.accountEntry -->
