<?xml version="1.0" encoding="UTF-8"?>
<!-- Generated by org.testng.reporters.JUnitReportReporter -->
<testsuite hostname="DEVPC13" name="ru.stqa.selenium.LanguageAz" tests="1" failures="0" timestamp="11 Oct 2016 06:35:08 GMT" time="5.159" errors="0">
  <testcase name="testLanguageAz" time="5.159" classname="ru.stqa.selenium.LanguageAz"/>
</testsuite> <!-- ru.stqa.selenium.LanguageAz -->
