<?xml version="1.0" encoding="UTF-8"?>
<!-- Generated by org.testng.reporters.JUnitReportReporter -->
<testsuite hostname="DEVPC13" name="accountEntry.LoginFalse" tests="1" failures="0" timestamp="26 Oct 2016 10:18:29 GMT" time="0.994" errors="0">
  <testcase name="testLoginFalse" time="0.994" classname="accountEntry.LoginFalse"/>
</testsuite> <!-- accountEntry.LoginFalse -->
