<?xml version="1.0" encoding="UTF-8"?>
<!-- Generated by org.testng.reporters.JUnitReportReporter -->
<testsuite hostname="DEVPC13" name="online.openTree" tests="1" failures="0" timestamp="17 Oct 2016 07:46:34 GMT" time="5.769" errors="0">
  <testcase name="testOpenTree" time="5.769" classname="online.openTree"/>
</testsuite> <!-- online.openTree -->
