<?xml version="1.0" encoding="UTF-8"?>
<!-- Generated by org.testng.reporters.JUnitReportReporter -->
<testsuite hostname="DEVPC13" name="archive.accountEntry" tests="1" failures="0" timestamp="26 Oct 2016 10:18:29 GMT" time="1.921" errors="0">
  <testcase name="testAccountEntry" time="1.921" classname="archive.accountEntry"/>
</testsuite> <!-- archive.accountEntry -->
