<?xml version="1.0" encoding="UTF-8"?>
<!-- Generated by org.testng.reporters.JUnitReportReporter -->
<testsuite hostname="DEVPC13" name="online.checkMenu" tests="1" failures="0" timestamp="17 Oct 2016 07:46:34 GMT" time="11.417" errors="0">
  <testcase name="testCheckMenu" time="11.417" classname="online.checkMenu"/>
</testsuite> <!-- online.checkMenu -->
