<?xml version="1.0" encoding="UTF-8"?>
<!-- Generated by org.testng.reporters.JUnitReportReporter -->
<testsuite hostname="DEVPC13" name="accountEntry.ForgotPasswordEmpty" tests="1" failures="0" timestamp="26 Oct 2016 10:18:29 GMT" time="1.368" errors="0">
  <testcase name="testForgotPasswordEmpty" time="1.368" classname="accountEntry.ForgotPasswordEmpty"/>
</testsuite> <!-- accountEntry.ForgotPasswordEmpty -->
