<?xml version="1.0" encoding="UTF-8"?>
<!-- Generated by org.testng.reporters.JUnitReportReporter -->
<testsuite hostname="DEVPC13" name="languageCheck.LanguageRus" tests="1" failures="0" timestamp="26 Oct 2016 10:18:29 GMT" time="1.148" errors="0">
  <testcase name="testLanguageRus" time="1.148" classname="languageCheck.LanguageRus"/>
</testsuite> <!-- languageCheck.LanguageRus -->
