<?xml version="1.0" encoding="UTF-8"?>
<!-- Generated by org.testng.reporters.JUnitReportReporter -->
<testsuite hostname="DEVPC13" name="tariffsTestsuite.saveButton" tests="1" failures="0" timestamp="26 Oct 2016 10:18:29 GMT" time="0.536" errors="0">
  <testcase name="testSaveButton" time="0.536" classname="tariffsTestsuite.saveButton"/>
</testsuite> <!-- tariffsTestsuite.saveButton -->
