<?xml version="1.0" encoding="UTF-8"?>
<!-- Generated by org.testng.reporters.JUnitReportReporter -->
<testsuite hostname="DEVPC13" name="online.deleteScreen" tests="1" failures="0" timestamp="26 Oct 2016 10:18:29 GMT" time="22.031" errors="0">
  <testcase name="testDeleteScreen" time="22.031" classname="online.deleteScreen"/>
</testsuite> <!-- online.deleteScreen -->
