<?xml version="1.0" encoding="UTF-8"?>
<!-- Generated by org.testng.reporters.JUnitReportReporter -->
<testsuite hostname="DEVPC13" name="online.logout" tests="3" failures="0" timestamp="26 Oct 2016 10:18:29 GMT" time="4.717" errors="0">
  <testcase name="testLogout" time="1.696" classname="online.logout"/>
  <testcase name="testLogout" time="1.572" classname="online.logout"/>
  <testcase name="testLogout" time="1.449" classname="online.logout"/>
</testsuite> <!-- online.logout -->
