<?xml version="1.0" encoding="UTF-8"?>
<!-- Generated by org.testng.reporters.JUnitReportReporter -->
<testsuite hostname="DEVPC13" name="accountEntry.ShowPassword" tests="1" failures="0" timestamp="11 Oct 2016 08:48:45 GMT" time="0.618" errors="0">
  <testcase name="testShowPassword" time="0.618" classname="accountEntry.ShowPassword"/>
</testsuite> <!-- accountEntry.ShowPassword -->
