<?xml version="1.0" encoding="UTF-8"?>
<!-- Generated by org.testng.reporters.JUnitReportReporter -->
<testsuite hostname="DEVPC13" name="online.scale" tests="1" failures="0" timestamp="17 Oct 2016 07:46:34 GMT" time="28.735" errors="0">
  <testcase name="testScale" time="28.735" classname="online.scale"/>
</testsuite> <!-- online.scale -->
