<?xml version="1.0" encoding="UTF-8"?>
<!-- Generated by org.testng.reporters.JUnitReportReporter -->
<testsuite hostname="DEVPC13" name="ru.stqa.selenium.ShowPassword" tests="1" failures="0" timestamp="11 Oct 2016 06:41:15 GMT" time="0.493" errors="0">
  <testcase name="testShowPassword" time="0.493" classname="ru.stqa.selenium.ShowPassword"/>
</testsuite> <!-- ru.stqa.selenium.ShowPassword -->
