<?xml version="1.0" encoding="UTF-8"?>
<!-- Generated by org.testng.reporters.JUnitReportReporter -->
<testsuite hostname="DEVPC13" name="accountEntry.ForgotPasswordInvalid" tests="1" failures="0" timestamp="26 Oct 2016 10:18:29 GMT" time="1.448" errors="0">
  <testcase name="testForgotPasswordInvalid" time="1.448" classname="accountEntry.ForgotPasswordInvalid"/>
</testsuite> <!-- accountEntry.ForgotPasswordInvalid -->
