<?xml version="1.0" encoding="UTF-8"?>
<!-- Generated by org.testng.reporters.JUnitReportReporter -->
<testsuite hostname="DEVPC13" name="accountEntry.ForgotPasswordInvalid" tests="1" failures="0" timestamp="11 Oct 2016 08:48:45 GMT" time="1.568" errors="0">
  <testcase name="testForgotPasswordInvalid" time="1.568" classname="accountEntry.ForgotPasswordInvalid"/>
</testsuite> <!-- accountEntry.ForgotPasswordInvalid -->
