<?xml version="1.0" encoding="UTF-8"?>
<!-- Generated by org.testng.reporters.JUnitReportReporter -->
<testsuite hostname="DEVPC13" name="online.scale" tests="1" failures="0" timestamp="26 Oct 2016 10:18:29 GMT" time="28.654" errors="0">
  <testcase name="testScale" time="28.654" classname="online.scale"/>
</testsuite> <!-- online.scale -->
