<?xml version="1.0" encoding="UTF-8"?>
<!-- Generated by org.testng.reporters.JUnitReportReporter -->
<testsuite hostname="DEVPC13" name="accountEntry.LoginTrue" tests="1" failures="0" timestamp="13 Oct 2016 09:13:34 GMT" time="10.922" errors="0">
  <testcase name="testLoginTrue" time="10.922" classname="accountEntry.LoginTrue"/>
</testsuite> <!-- accountEntry.LoginTrue -->
