<?xml version="1.0" encoding="UTF-8"?>
<!-- Generated by org.testng.reporters.JUnitReportReporter -->
<testsuite hostname="DEVPC13" name="accountEntry.ForgotPassword" tests="1" failures="0" timestamp="17 Oct 2016 07:46:34 GMT" time="1.508" errors="0">
  <testcase name="testForgotPassword" time="1.508" classname="accountEntry.ForgotPassword"/>
</testsuite> <!-- accountEntry.ForgotPassword -->
