<?xml version="1.0" encoding="UTF-8"?>
<!-- Generated by org.testng.reporters.JUnitReportReporter -->
<testsuite hostname="DEVPC13" name="accountEntry.LoginFalse" tests="1" failures="0" timestamp="13 Oct 2016 09:13:34 GMT" time="1.776" errors="0">
  <testcase name="testLoginFalse" time="1.776" classname="accountEntry.LoginFalse"/>
</testsuite> <!-- accountEntry.LoginFalse -->
