<?xml version="1.0" encoding="UTF-8"?>
<!-- Generated by org.testng.reporters.JUnitReportReporter -->
<testsuite hostname="DEVPC13" name="tariffsTestsuite.saveAllButton" tests="1" failures="0" timestamp="26 Oct 2016 10:18:29 GMT" time="1.601" errors="0">
  <testcase name="testSavaAllButton" time="1.601" classname="tariffsTestsuite.saveAllButton"/>
</testsuite> <!-- tariffsTestsuite.saveAllButton -->
