<?xml version="1.0" encoding="UTF-8"?>
<!-- Generated by org.testng.reporters.JUnitReportReporter -->
<testsuite hostname="DEVPC13" name="accountEntry.ForgotPassword" tests="1" failures="0" timestamp="26 Oct 2016 10:18:29 GMT" time="1.568" errors="0">
  <testcase name="testForgotPassword" time="1.568" classname="accountEntry.ForgotPassword"/>
</testsuite> <!-- accountEntry.ForgotPassword -->
