<?xml version="1.0" encoding="UTF-8"?>
<!-- Generated by org.testng.reporters.JUnitReportReporter -->
<testsuite hostname="DEVPC13" name="generalTesting.CheckButtons" tests="1" failures="0" timestamp="14 Oct 2016 03:37:59 GMT" time="10.089" errors="0">
  <testcase name="testCheckButtons" time="10.089" classname="generalTesting.CheckButtons"/>
</testsuite> <!-- generalTesting.CheckButtons -->
