<?xml version="1.0" encoding="UTF-8"?>
<!-- Generated by org.testng.reporters.JUnitReportReporter -->
<testsuite hostname="DEVPC13" name="ru.stqa.selenium.ForgotPasswordInvalid" tests="1" failures="0" timestamp="11 Oct 2016 06:41:15 GMT" time="1.334" errors="0">
  <testcase name="testForgotPasswordInvalid" time="1.334" classname="ru.stqa.selenium.ForgotPasswordInvalid"/>
</testsuite> <!-- ru.stqa.selenium.ForgotPasswordInvalid -->
