<?xml version="1.0" encoding="UTF-8"?>
<!-- Generated by org.testng.reporters.JUnitReportReporter -->
<testsuite hostname="DEVPC13" name="accountEntry.ForgotPasswordEmpty" tests="1" failures="0" timestamp="13 Oct 2016 09:13:34 GMT" time="3.513" errors="0">
  <testcase name="testForgotPasswordEmpty" time="3.513" classname="accountEntry.ForgotPasswordEmpty"/>
</testsuite> <!-- accountEntry.ForgotPasswordEmpty -->
