<?xml version="1.0" encoding="UTF-8"?>
<!-- Generated by org.testng.reporters.JUnitReportReporter -->
<testsuite hostname="DEVPC13" name="ru.stqa.selenium.ShowPassword" tests="1" failures="0" timestamp="10 Oct 2016 09:44:45 GMT" time="0.504" errors="0">
  <testcase name="testShowPassword" time="0.504" classname="ru.stqa.selenium.ShowPassword"/>
</testsuite> <!-- ru.stqa.selenium.ShowPassword -->
