<?xml version="1.0" encoding="UTF-8"?>
<!-- Generated by org.testng.reporters.JUnitReportReporter -->
<testsuite hostname="DEVPC13" name="tariffsTestsuite.tariffDom" tests="1" failures="0" timestamp="26 Oct 2016 10:18:29 GMT" time="1.138" errors="0">
  <testcase name="testTariffDom" time="1.138" classname="tariffsTestsuite.tariffDom"/>
</testsuite> <!-- tariffsTestsuite.tariffDom -->
