<?xml version="1.0" encoding="UTF-8"?>
<!-- Generated by org.testng.reporters.JUnitReportReporter -->
<testsuite hostname="DEVPC13" name="generalTesting.LoginTrue" tests="1" failures="0" timestamp="26 Oct 2016 10:18:29 GMT" time="2.225" errors="0">
  <testcase name="testLoginTrue" time="2.225" classname="generalTesting.LoginTrue"/>
</testsuite> <!-- generalTesting.LoginTrue -->
