<?xml version="1.0" encoding="UTF-8"?>
<!-- Generated by org.testng.reporters.JUnitReportReporter -->
<testsuite hostname="DEVPC13" name="accountEntry.LoginFalse" tests="1" failures="0" timestamp="11 Oct 2016 08:48:45 GMT" time="1.264" errors="0">
  <testcase name="testLoginFalse" time="1.264" classname="accountEntry.LoginFalse"/>
</testsuite> <!-- accountEntry.LoginFalse -->
