<?xml version="1.0" encoding="UTF-8"?>
<!-- Generated by org.testng.reporters.JUnitReportReporter -->
<testsuite hostname="DEVPC13" name="generalTesting.CheckButtons" tests="1" failures="0" timestamp="26 Oct 2016 10:18:29 GMT" time="8.194" errors="0">
  <testcase name="testCheckButtons" time="8.194" classname="generalTesting.CheckButtons"/>
</testsuite> <!-- generalTesting.CheckButtons -->
