<?xml version="1.0" encoding="UTF-8"?>
<!-- Generated by org.testng.reporters.JUnitReportReporter -->
<testsuite hostname="DEVPC13" name="archive.archiveVideo" tests="1" failures="0" timestamp="26 Oct 2016 10:18:29 GMT" time="3.187" errors="0">
  <testcase name="testArchiveVideo" time="3.187" classname="archive.archiveVideo"/>
</testsuite> <!-- archive.archiveVideo -->
