<?xml version="1.0" encoding="UTF-8"?>
<!-- Generated by org.testng.reporters.JUnitReportReporter -->
<testsuite hostname="DEVPC13" name="generalTesting.LoginTrue" tests="1" failures="0" timestamp="17 Oct 2016 07:46:34 GMT" time="1.424" errors="0">
  <testcase name="testLoginTrue" time="1.424" classname="generalTesting.LoginTrue"/>
</testsuite> <!-- generalTesting.LoginTrue -->
