<?xml version="1.0" encoding="UTF-8"?>
<!-- Generated by org.testng.reporters.JUnitReportReporter -->
<testsuite hostname="DEVPC13" name="accountEntry.ShowPassword" tests="1" failures="0" timestamp="17 Oct 2016 07:46:34 GMT" time="0.506" errors="0">
  <testcase name="testShowPassword" time="0.506" classname="accountEntry.ShowPassword"/>
</testsuite> <!-- accountEntry.ShowPassword -->
