<?xml version="1.0" encoding="UTF-8"?>
<!-- Generated by org.testng.reporters.JUnitReportReporter -->
<testsuite hostname="DEVPC13" name="ru.stqa.selenium.SampleTestNgTest" tests="1" failures="0" timestamp="6 Oct 2016 07:24:18 GMT" time="29.097" errors="0">
  <testcase name="testHomePageHasAHeader" time="29.097" classname="ru.stqa.selenium.SampleTestNgTest"/>
</testsuite> <!-- ru.stqa.selenium.SampleTestNgTest -->
