<?xml version="1.0" encoding="UTF-8"?>
<!-- Generated by org.testng.reporters.JUnitReportReporter -->
<testsuite hostname="DEVPC13" name="ru.stqa.selenium.AccountEntry" tests="1" failures="0" timestamp="10 Oct 2016 09:44:45 GMT" time="1.378" errors="0">
  <testcase name="testAccountEntry" time="1.378" classname="ru.stqa.selenium.AccountEntry"/>
</testsuite> <!-- ru.stqa.selenium.AccountEntry -->
