<?xml version="1.0" encoding="UTF-8"?>
<!-- Generated by org.testng.reporters.JUnitReportReporter -->
<testsuite hostname="DEVPC13" name="generalTesting.LoginTrue" tests="1" failures="0" timestamp="11 Oct 2016 08:48:45 GMT" time="1.621" errors="0">
  <testcase name="testLoginTrue" time="1.621" classname="generalTesting.LoginTrue"/>
</testsuite> <!-- generalTesting.LoginTrue -->
