<?xml version="1.0" encoding="UTF-8"?>
<!-- Generated by org.testng.reporters.JUnitReportReporter -->
<testsuite hostname="DEVPC13" name="online.checkMenu" tests="1" failures="0" timestamp="26 Oct 2016 10:18:29 GMT" time="12.236" errors="0">
  <testcase name="testCheckMenu" time="12.236" classname="online.checkMenu"/>
</testsuite> <!-- online.checkMenu -->
