<?xml version="1.0" encoding="UTF-8"?>
<!-- Generated by org.testng.reporters.JUnitReportReporter -->
<testsuite hostname="DEVPC13" name="generalTesting.Quit" tests="1" failures="0" timestamp="14 Oct 2016 03:37:59 GMT" time="2.242" errors="0">
  <testcase name="testQuit" time="2.242" classname="generalTesting.Quit"/>
</testsuite> <!-- generalTesting.Quit -->
