<?xml version="1.0" encoding="UTF-8"?>
<!-- Generated by org.testng.reporters.JUnitReportReporter -->
<testsuite hostname="DEVPC13" name="languageCheck.LanguageRus" tests="1" failures="0" timestamp="14 Oct 2016 03:01:41 GMT" time="1.870" errors="0">
  <testcase name="testLanguageRus" time="1.870" classname="languageCheck.LanguageRus"/>
</testsuite> <!-- languageCheck.LanguageRus -->
