<?xml version="1.0" encoding="UTF-8"?>
<!-- Generated by org.testng.reporters.JUnitReportReporter -->
<testsuite hostname="DEVPC13" name="calendar.Calendar" tests="1" failures="0" timestamp="13 Oct 2016 09:13:34 GMT" time="6.392" errors="0">
  <testcase name="testCalendar" time="6.392" classname="calendar.Calendar"/>
</testsuite> <!-- calendar.Calendar -->
