<?xml version="1.0" encoding="UTF-8"?>
<!-- Generated by org.testng.reporters.JUnitReportReporter -->
<testsuite hostname="DEVPC13" name="ru.stqa.selenium.AccountEntry" tests="1" failures="0" timestamp="6 Oct 2016 08:36:40 GMT" time="29.747" errors="0">
  <testcase name="testAccountEntry" time="29.747" classname="ru.stqa.selenium.AccountEntry"/>
</testsuite> <!-- ru.stqa.selenium.AccountEntry -->
