<?xml version="1.0" encoding="UTF-8"?>
<!-- Generated by org.testng.reporters.JUnitReportReporter -->
<testsuite hostname="DEVPC13" name="tariffsTestsuite.tariffMobile" tests="1" failures="0" timestamp="26 Oct 2016 10:18:29 GMT" time="3.100" errors="0">
  <testcase name="testTariffMobile" time="3.100" classname="tariffsTestsuite.tariffMobile"/>
</testsuite> <!-- tariffsTestsuite.tariffMobile -->
