<?xml version="1.0" encoding="UTF-8"?>
<!-- Generated by org.testng.reporters.JUnitReportReporter -->
<testsuite hostname="DEVPC13" name="calendar.Calendar" tests="1" failures="0" timestamp="11 Oct 2016 08:48:45 GMT" time="3.816" errors="0">
  <testcase name="testCalendar" time="3.816" classname="calendar.Calendar"/>
</testsuite> <!-- calendar.Calendar -->
