<?xml version="1.0" encoding="UTF-8"?>
<!-- Generated by org.testng.reporters.JUnitReportReporter -->
<testsuite hostname="DEVPC13" name="calendar.AccountEntry" tests="1" failures="0" timestamp="13 Oct 2016 09:13:34 GMT" time="2.674" errors="0">
  <testcase name="testAccountEntry" time="2.674" classname="calendar.AccountEntry"/>
</testsuite> <!-- calendar.AccountEntry -->
