<?xml version="1.0" encoding="UTF-8"?>
<!-- Generated by org.testng.reporters.JUnitReportReporter -->
<testsuite hostname="DEVPC13" name="languageCheck.LanguageEng" tests="1" failures="0" timestamp="14 Oct 2016 03:01:41 GMT" time="17.381" errors="0">
  <testcase name="testLanguageEng" time="17.381" classname="languageCheck.LanguageEng"/>
</testsuite> <!-- languageCheck.LanguageEng -->
