<?xml version="1.0" encoding="UTF-8"?>
<!-- Generated by org.testng.reporters.JUnitReportReporter -->
<testsuite hostname="DEVPC13" name="ru.stqa.selenium.ForgotPasswordEmpty" tests="1" failures="0" timestamp="11 Oct 2016 06:41:15 GMT" time="3.084" errors="0">
  <testcase name="testForgotPasswordEmpty" time="3.084" classname="ru.stqa.selenium.ForgotPasswordEmpty"/>
</testsuite> <!-- ru.stqa.selenium.ForgotPasswordEmpty -->
