<?xml version="1.0" encoding="UTF-8"?>
<!-- Generated by org.testng.reporters.JUnitReportReporter -->
<testsuite hostname="DEVPC13" name="tariffsTestsuite.tariffIndivid" tests="1" failures="0" timestamp="26 Oct 2016 10:18:29 GMT" time="0.156" errors="0">
  <testcase name="testTariffIndivid" time="0.156" classname="tariffsTestsuite.tariffIndivid"/>
</testsuite> <!-- tariffsTestsuite.tariffIndivid -->
