<?xml version="1.0" encoding="UTF-8"?>
<!-- Generated by org.testng.reporters.JUnitReportReporter -->
<testsuite hostname="DEVPC13" name="accountEntry.LoginTrue" tests="1" failures="0" timestamp="26 Oct 2016 10:18:29 GMT" time="35.183" errors="0">
  <testcase name="testLoginTrue" time="35.183" classname="accountEntry.LoginTrue"/>
</testsuite> <!-- accountEntry.LoginTrue -->
