<?xml version="1.0" encoding="UTF-8"?>
<!-- Generated by org.testng.reporters.JUnitReportReporter -->
<testsuite hostname="DEVPC13" name="languageCheck.LanguageEng" tests="1" failures="0" timestamp="26 Oct 2016 10:18:29 GMT" time="1.670" errors="0">
  <testcase name="testLanguageEng" time="1.670" classname="languageCheck.LanguageEng"/>
</testsuite> <!-- languageCheck.LanguageEng -->
