<?xml version="1.0" encoding="UTF-8"?>
<!-- Generated by org.testng.reporters.JUnitReportReporter -->
<testsuite hostname="DEVPC13" name="accountEntry.LoginTrue" tests="1" failures="0" timestamp="17 Oct 2016 07:46:34 GMT" time="6.654" errors="0">
  <testcase name="testLoginTrue" time="6.654" classname="accountEntry.LoginTrue"/>
</testsuite> <!-- accountEntry.LoginTrue -->
