<?xml version="1.0" encoding="UTF-8"?>
<!-- Generated by org.testng.reporters.JUnitReportReporter -->
<testsuite hostname="DEVPC13" name="online.playButton" tests="1" failures="0" timestamp="26 Oct 2016 10:18:29 GMT" time="6.176" errors="0">
  <testcase name="testPlayButton" time="6.176" classname="online.playButton"/>
</testsuite> <!-- online.playButton -->
