<?xml version="1.0" encoding="UTF-8"?>
<!-- Generated by org.testng.reporters.JUnitReportReporter -->
<testsuite hostname="DEVPC13" name="ru.stqa.selenium.Calendar" tests="1" failures="0" timestamp="11 Oct 2016 06:41:15 GMT" time="3.796" errors="0">
  <testcase name="testCalendar" time="3.796" classname="ru.stqa.selenium.Calendar"/>
</testsuite> <!-- ru.stqa.selenium.Calendar -->
