<?xml version="1.0" encoding="UTF-8"?>
<!-- Generated by org.testng.reporters.JUnitReportReporter -->
<testsuite hostname="DEVPC13" name="online.checkRenameCamera" tests="1" failures="0" timestamp="26 Oct 2016 10:18:29 GMT" time="3.127" errors="0">
  <testcase name="testCheckRenameCamera" time="3.127" classname="online.checkRenameCamera"/>
</testsuite> <!-- online.checkRenameCamera -->
