<?xml version="1.0" encoding="UTF-8"?>
<!-- Generated by org.testng.reporters.JUnitReportReporter -->
<testsuite hostname="DEVPC13" name="online.checkRemoveCamera" tests="1" failures="0" timestamp="26 Oct 2016 10:18:29 GMT" time="13.656" errors="0">
  <testcase name="testCheckRemoveCamera" time="13.656" classname="online.checkRemoveCamera"/>
</testsuite> <!-- online.checkRemoveCamera -->
