<?xml version="1.0" encoding="UTF-8"?>
<!-- Generated by org.testng.reporters.JUnitReportReporter -->
<testsuite hostname="DEVPC13" name="ru.stqa.selenium.LoginFalse" tests="1" failures="0" timestamp="10 Oct 2016 09:44:45 GMT" time="1.105" errors="0">
  <testcase name="testLoginFalse" time="1.105" classname="ru.stqa.selenium.LoginFalse"/>
</testsuite> <!-- ru.stqa.selenium.LoginFalse -->
