<?xml version="1.0" encoding="UTF-8"?>
<!-- Generated by org.testng.reporters.JUnitReportReporter -->
<testsuite hostname="DEVPC13" name="online.openTree" tests="1" failures="0" timestamp="26 Oct 2016 10:18:29 GMT" time="6.139" errors="0">
  <testcase name="testOpenTree" time="6.139" classname="online.openTree"/>
</testsuite> <!-- online.openTree -->
