<?xml version="1.0" encoding="UTF-8"?>
<!-- Generated by org.testng.reporters.JUnitReportReporter -->
<testsuite hostname="DEVPC13" name="tariffsTestsuite.goToSchedule" tests="1" failures="0" timestamp="26 Oct 2016 10:18:29 GMT" time="5.633" errors="0">
  <testcase name="testGoToSchedule" time="5.633" classname="tariffsTestsuite.goToSchedule"/>
</testsuite> <!-- tariffsTestsuite.goToSchedule -->
