<?xml version="1.0" encoding="UTF-8"?>
<!-- Generated by org.testng.reporters.JUnitReportReporter -->
<testsuite hostname="DEVPC13" name="accountEntry.ForgotPasswordInvalid" tests="1" failures="0" timestamp="13 Oct 2016 09:13:34 GMT" time="3.556" errors="0">
  <testcase name="testForgotPasswordInvalid" time="3.556" classname="accountEntry.ForgotPasswordInvalid"/>
</testsuite> <!-- accountEntry.ForgotPasswordInvalid -->
