<?xml version="1.0" encoding="UTF-8"?>
<!-- Generated by org.testng.reporters.JUnitReportReporter -->
<testsuite hostname="DEVPC13" name="accountEntry.ShowPassword" tests="1" failures="0" timestamp="13 Oct 2016 09:13:34 GMT" time="0.839" errors="0">
  <testcase name="testShowPassword" time="0.839" classname="accountEntry.ShowPassword"/>
</testsuite> <!-- accountEntry.ShowPassword -->
