<?xml version="1.0" encoding="UTF-8"?>
<!-- Generated by org.testng.reporters.JUnitReportReporter -->
<testsuite hostname="DEVPC13" name="ru.stqa.selenium.LoginTrue" tests="1" failures="0" timestamp="10 Oct 2016 09:44:45 GMT" time="6.051" errors="0">
  <testcase name="testLoginTrue" time="6.051" classname="ru.stqa.selenium.LoginTrue"/>
</testsuite> <!-- ru.stqa.selenium.LoginTrue -->
