<?xml version="1.0" encoding="UTF-8"?>
<!-- Generated by org.testng.reporters.JUnitReportReporter -->
<testsuite hostname="DEVPC13" name="online.accountEntry" tests="2" failures="0" timestamp="26 Oct 2016 10:18:29 GMT" time="3.528" errors="0">
  <testcase name="testAccountEntry" time="1.782" classname="online.accountEntry"/>
  <testcase name="testAccountEntry" time="1.746" classname="online.accountEntry"/>
</testsuite> <!-- online.accountEntry -->
