<?xml version="1.0" encoding="UTF-8"?>
<!-- Generated by org.testng.reporters.JUnitReportReporter -->
<testsuite hostname="DEVPC13" name="languageCheck.LanguageRus" tests="1" failures="0" timestamp="17 Oct 2016 07:46:34 GMT" time="0.899" errors="0">
  <testcase name="testLanguageRus" time="0.899" classname="languageCheck.LanguageRus"/>
</testsuite> <!-- languageCheck.LanguageRus -->
