<?xml version="1.0" encoding="UTF-8"?>
<!-- Generated by org.testng.reporters.JUnitReportReporter -->
<testsuite hostname="DEVPC13" name="ru.stqa.selenium.ForgotPassword" tests="1" failures="0" timestamp="11 Oct 2016 06:41:15 GMT" time="1.353" errors="0">
  <testcase name="testForgotPassword" time="1.353" classname="ru.stqa.selenium.ForgotPassword"/>
</testsuite> <!-- ru.stqa.selenium.ForgotPassword -->
