<?xml version="1.0" encoding="UTF-8"?>
<!-- Generated by org.testng.reporters.JUnitReportReporter -->
<testsuite hostname="DEVPC13" name="online.playButton" tests="1" failures="0" timestamp="17 Oct 2016 07:46:34 GMT" time="5.231" errors="0">
  <testcase name="testPlayButton" time="5.231" classname="online.playButton"/>
</testsuite> <!-- online.playButton -->
