<?xml version="1.0" encoding="UTF-8"?>
<!-- Generated by org.testng.reporters.JUnitReportReporter -->
<testsuite hostname="DEVPC13" name="ru.stqa.selenium.LoginFalse" tests="1" failures="0" timestamp="11 Oct 2016 06:41:15 GMT" time="0.951" errors="0">
  <testcase name="testLoginFalse" time="0.951" classname="ru.stqa.selenium.LoginFalse"/>
</testsuite> <!-- ru.stqa.selenium.LoginFalse -->
