<?xml version="1.0" encoding="UTF-8"?>
<!-- Generated by org.testng.reporters.JUnitReportReporter -->
<testsuite hostname="DEVPC13" name="generalTesting.LoginTrue" tests="1" failures="0" timestamp="14 Oct 2016 03:37:59 GMT" time="9.876" errors="0">
  <testcase name="testLoginTrue" time="9.876" classname="generalTesting.LoginTrue"/>
</testsuite> <!-- generalTesting.LoginTrue -->
