<?xml version="1.0" encoding="UTF-8"?>
<!-- Generated by org.testng.reporters.JUnitReportReporter -->
<testsuite hostname="DEVPC13" name="generalTesting.Quit" tests="1" failures="0" timestamp="11 Oct 2016 08:48:45 GMT" time="0.958" errors="0">
  <testcase name="testQuit" time="0.958" classname="generalTesting.Quit"/>
</testsuite> <!-- generalTesting.Quit -->
