<?xml version="1.0" encoding="UTF-8"?>
<!-- Generated by org.testng.reporters.JUnitReportReporter -->
<testsuite hostname="DEVPC13" name="ru.stqa.selenium.Calendar" tests="1" failures="0" timestamp="10 Oct 2016 09:44:45 GMT" time="3.989" errors="0">
  <testcase name="testCalendar" time="3.989" classname="ru.stqa.selenium.Calendar"/>
</testsuite> <!-- ru.stqa.selenium.Calendar -->
